# JRE version: Java(TM) SE Runtime Environment (8.0_131-b11) (build 1.8.0_131-b11)
# Java VM: Java HotSpot(TM) 64-Bit Server VM (25.131-b11 mixed mode windows-amd64 compressed oops)
Heap:
 PSYoungGen      total 243712K, used 28159K [0x00000000d6180000, 0x00000000e8980000, 0x0000000100000000)
  eden space 243200K, 11% used [0x00000000d6180000,0x00000000d7c802c8,0x00000000e4f00000)
  from space 512K, 99% used [0x00000000e4f00000,0x00000000e4f7fa58,0x00000000e4f80000)
  to   space 12288K, 0% used [0x00000000e7d80000,0x00000000e7d80000,0x00000000e8980000)
 ParOldGen       total 64000K, used 19078K [0x0000000082400000, 0x0000000086280000, 0x00000000d6180000)
  object space 64000K, 29% used [0x0000000082400000,0x00000000836a1b08,0x0000000086280000)
 Metaspace       used 24867K, capacity 25114K, committed 25344K, reserved 1071104K
  class space    used 2920K, capacity 2989K, committed 3072K, reserved 1048576K
GC Heap History (10 events):
Event: 4.355 GC heap before
{Heap before GC invocations=14 (full 3):
 PSYoungGen      total 215552K, used 43746K [0x00000000d6180000, 0x00000000e6a80000, 0x0000000100000000)
  eden space 201216K, 20% used [0x00000000d6180000,0x00000000d89f6ca8,0x00000000e2600000)
  from space 14336K, 16% used [0x00000000e5c80000,0x00000000e5ec1d08,0x00000000e6a80000)
  to   space 512K, 0% used [0x00000000e4f00000,0x00000000e4f00000,0x00000000e4f80000)
 ParOldGen       total 64000K, used 7929K [0x0000000082400000, 0x0000000086280000, 0x00000000d6180000)
  object space 64000K, 12% used [0x0000000082400000,0x0000000082bbe5f8,0x0000000086280000)
 Metaspace       used 24849K, capacity 25050K, committed 25344K, reserved 1071104K
  class space    used 2920K, capacity 2989K, committed 3072K, reserved 1048576K
Event: 4.359 GC heap after
Heap after GC invocations=14 (full 3):
 PSYoungGen      total 201728K, used 512K [0x00000000d6180000, 0x00000000e6a80000, 0x0000000100000000)
  eden space 201216K, 0% used [0x00000000d6180000,0x00000000d6180000,0x00000000e2600000)
  from space 512K, 100% used [0x00000000e4f00000,0x00000000e4f80000,0x00000000e4f80000)
  to   space 14336K, 0% used [0x00000000e5c80000,0x00000000e5c80000,0x00000000e6a80000)
 ParOldGen       total 64000K, used 12768K [0x0000000082400000, 0x0000000086280000, 0x00000000d6180000)
  object space 64000K, 19% used [0x0000000082400000,0x0000000083078008,0x0000000086280000)
 Metaspace       used 24849K, capacity 25050K, committed 25344K, reserved 1071104K
  class space    used 2920K, capacity 2989K, committed 3072K, reserved 1048576K
}
Event: 4.359 GC heap before
{Heap before GC invocations=15 (full 4):
 PSYoungGen      total 201728K, used 512K [0x00000000d6180000, 0x00000000e6a80000, 0x0000000100000000)
  eden space 201216K, 0% used [0x00000000d6180000,0x00000000d6180000,0x00000000e2600000)
  from space 512K, 100% used [0x00000000e4f00000,0x00000000e4f80000,0x00000000e4f80000)
  to   space 14336K, 0% used [0x00000000e5c80000,0x00000000e5c80000,0x00000000e6a80000)
 ParOldGen       total 64000K, used 12768K [0x0000000082400000, 0x0000000086280000, 0x00000000d6180000)
  object space 64000K, 19% used [0x0000000082400000,0x0000000083078008,0x0000000086280000)
 Metaspace       used 24849K, capacity 25050K, committed 25344K, reserved 1071104K
  class space    used 2920K, capacity 2989K, committed 3072K, reserved 1048576K
Event: 4.390 GC heap after
Heap after GC invocations=15 (full 4):
 PSYoungGen      total 201728K, used 0K [0x00000000d6180000, 0x00000000e6a80000, 0x0000000100000000)
  eden space 201216K, 0% used [0x00000000d6180000,0x00000000d6180000,0x00000000e2600000)
  from space 512K, 0% used [0x00000000e4f00000,0x00000000e4f00000,0x00000000e4f80000)
  to   space 14336K, 0% used [0x00000000e5c80000,0x00000000e5c80000,0x00000000e6a80000)
 ParOldGen       total 64000K, used 12801K [0x0000000082400000, 0x0000000086280000, 0x00000000d6180000)
  object space 64000K, 20% used [0x0000000082400000,0x00000000830804f0,0x0000000086280000)
 Metaspace       used 24849K, capacity 25050K, committed 25344K, reserved 1071104K
  class space    used 2920K, capacity 2989K, committed 3072K, reserved 1048576K
}
Event: 4.495 GC heap before
{Heap before GC invocations=16 (full 4):
 PSYoungGen      total 201728K, used 44964K [0x00000000d6180000, 0x00000000e6a80000, 0x0000000100000000)
  eden space 201216K, 22% used [0x00000000d6180000,0x00000000d8d69238,0x00000000e2600000)
  from space 512K, 0% used [0x00000000e4f00000,0x00000000e4f00000,0x00000000e4f80000)
  to   space 14336K, 0% used [0x00000000e5c80000,0x00000000e5c80000,0x00000000e6a80000)
 ParOldGen       total 64000K, used 12801K [0x0000000082400000, 0x0000000086280000, 0x00000000d6180000)
  object space 64000K, 20% used [0x0000000082400000,0x00000000830804f0,0x0000000086280000)
 Metaspace       used 24852K, capacity 25050K, committed 25344K, reserved 1071104K
  class space    used 2920K, capacity 2989K, committed 3072K, reserved 1048576K
Event: 4.499 GC heap after
Heap after GC invocations=16 (full 4):
 PSYoungGen      total 215552K, used 5761K [0x00000000d6180000, 0x00000000e6a80000, 0x0000000100000000)
  eden space 201216K, 0% used [0x00000000d6180000,0x00000000d6180000,0x00000000e2600000)
  from space 14336K, 40% used [0x00000000e5c80000,0x00000000e6220418,0x00000000e6a80000)
  to   space 512K, 0% used [0x00000000e4f00000,0x00000000e4f00000,0x00000000e4f80000)
 ParOldGen       total 64000K, used 12801K [0x0000000082400000, 0x0000000086280000, 0x00000000d6180000)
  object space 64000K, 20% used [0x0000000082400000,0x00000000830804f0,0x0000000086280000)
 Metaspace       used 24852K, capacity 25050K, committed 25344K, reserved 1071104K
  class space    used 2920K, capacity 2989K, committed 3072K, reserved 1048576K
}
Event: 4.499 GC heap before
{Heap before GC invocations=17 (full 5):
 PSYoungGen      total 215552K, used 5761K [0x00000000d6180000, 0x00000000e6a80000, 0x0000000100000000)
  eden space 201216K, 0% used [0x00000000d6180000,0x00000000d6180000,0x00000000e2600000)
  from space 14336K, 40% used [0x00000000e5c80000,0x00000000e6220418,0x00000000e6a80000)
  to   space 512K, 0% used [0x00000000e4f00000,0x00000000e4f00000,0x00000000e4f80000)
 ParOldGen       total 64000K, used 12801K [0x0000000082400000, 0x0000000086280000, 0x00000000d6180000)
  object space 64000K, 20% used [0x0000000082400000,0x00000000830804f0,0x0000000086280000)
 Metaspace       used 24852K, capacity 25050K, committed 25344K, reserved 1071104K
  class space    used 2920K, capacity 2989K, committed 3072K, reserved 1048576K
Event: 4.525 GC heap after
Heap after GC invocations=17 (full 5):
 PSYoungGen      total 215552K, used 0K [0x00000000d6180000, 0x00000000e6a80000, 0x0000000100000000)
  eden space 201216K, 0% used [0x00000000d6180000,0x00000000d6180000,0x00000000e2600000)
  from space 14336K, 0% used [0x00000000e5c80000,0x00000000e5c80000,0x00000000e6a80000)
  to   space 512K, 0% used [0x00000000e4f00000,0x00000000e4f00000,0x00000000e4f80000)
 ParOldGen       total 64000K, used 13656K [0x0000000082400000, 0x0000000086280000, 0x00000000d6180000)
  object space 64000K, 21% used [0x0000000082400000,0x0000000083156248,0x0000000086280000)
 Metaspace       used 24852K, capacity 25050K, committed 25344K, reserved 1071104K
  class space    used 2920K, capacity 2989K, committed 3072K, reserved 1048576K
}
Event: 4.627 GC heap before
{Heap before GC invocations=18 (full 5):
 PSYoungGen      total 215552K, used 45120K [0x00000000d6180000, 0x00000000e6a80000, 0x0000000100000000)
  eden space 201216K, 22% used [0x00000000d6180000,0x00000000d8d90230,0x00000000e2600000)
  from space 14336K, 0% used [0x00000000e5c80000,0x00000000e5c80000,0x00000000e6a80000)
  to   space 512K, 0% used [0x00000000e4f00000,0x00000000e4f00000,0x00000000e4f80000)
 ParOldGen       total 64000K, used 13656K [0x0000000082400000, 0x0000000086280000, 0x00000000d6180000)
  object space 64000K, 21% used [0x0000000082400000,0x0000000083156248,0x0000000086280000)
 Metaspace       used 24867K, capacity 25114K, committed 25344K, reserved 1071104K
  class space    used 2920K, capacity 2989K, committed 3072K, reserved 1048576K
Event: 4.631 GC heap after
Heap after GC invocations=18 (full 5):
 PSYoungGen      total 243712K, used 510K [0x00000000d6180000, 0x00000000e8980000, 0x0000000100000000)
  eden space 243200K, 0% used [0x00000000d6180000,0x00000000d6180000,0x00000000e4f00000)
  from space 512K, 99% used [0x00000000e4f00000,0x00000000e4f7fa58,0x00000000e4f80000)
  to   space 12288K, 0% used [0x00000000e7d80000,0x00000000e7d80000,0x00000000e8980000)
 ParOldGen       total 64000K, used 19078K [0x0000000082400000, 0x0000000086280000, 0x00000000d6180000)
  object space 64000K, 29% used [0x0000000082400000,0x00000000836a1b08,0x0000000086280000)
 Metaspace       used 24867K, capacity 25114K, committed 25344K, reserved 1071104K
  class space    used 2920K, capacity 2989K, committed 3072K, reserved 1048576K
}

